<?xml version="1.0" encoding="UTF-8"?>
<coverage generated="1745171304663" clover="3.2.0">
  <project timestamp="1745171304664" name="All files">
    <metrics statements="40" coveredstatements="27" conditionals="12" coveredconditionals="10" methods="9" coveredmethods="4" elements="61" coveredelements="41" complexity="0" loc="40" ncloc="40" packages="3" files="4" classes="4"/>
    <package name="components.LoginForm">
      <metrics statements="18" coveredstatements="18" conditionals="6" coveredconditionals="6" methods="4" coveredmethods="4"/>
      <file name="LoginForm.jsx" path="C:\Users\mcor2\OneDrive\Escritorio\ing-soft-2\proyecto-final\MediSync\src\components\LoginForm\LoginForm.jsx">
        <metrics statements="18" coveredstatements="18" conditionals="6" coveredconditionals="6" methods="4" coveredmethods="4"/>
        <line num="6" count="1" type="stmt"/>
        <line num="7" count="12" type="stmt"/>
        <line num="8" count="12" type="stmt"/>
        <line num="10" count="12" type="stmt"/>
        <line num="11" count="12" type="stmt"/>
        <line num="12" count="12" type="stmt"/>
        <line num="14" count="12" type="stmt"/>
        <line num="15" count="2" type="stmt"/>
        <line num="16" count="2" type="stmt"/>
        <line num="18" count="2" type="stmt"/>
        <line num="20" count="2" type="cond" truecount="2" falsecount="0"/>
        <line num="21" count="1" type="stmt"/>
        <line num="22" count="1" type="stmt"/>
        <line num="25" count="1" type="stmt"/>
        <line num="26" count="1" type="stmt"/>
        <line num="29" count="12" type="stmt"/>
        <line num="46" count="2" type="stmt"/>
        <line num="59" count="2" type="stmt"/>
      </file>
    </package>
    <package name="context">
      <metrics statements="9" coveredstatements="3" conditionals="0" coveredconditionals="0" methods="4" coveredmethods="0"/>
      <file name="UserContext.jsx" path="C:\Users\mcor2\OneDrive\Escritorio\ing-soft-2\proyecto-final\MediSync\src\context\UserContext.jsx">
        <metrics statements="9" coveredstatements="3" conditionals="0" coveredconditionals="0" methods="4" coveredmethods="0"/>
        <line num="4" count="1" type="stmt"/>
        <line num="7" count="1" type="stmt"/>
        <line num="8" count="0" type="stmt"/>
        <line num="11" count="0" type="stmt"/>
        <line num="12" count="0" type="stmt"/>
        <line num="16" count="0" type="stmt"/>
        <line num="17" count="0" type="stmt"/>
        <line num="20" count="0" type="stmt"/>
        <line num="28" count="1" type="stmt"/>
      </file>
    </package>
    <package name="supabase">
      <metrics statements="13" coveredstatements="6" conditionals="6" coveredconditionals="4" methods="1" coveredmethods="0"/>
      <file name="client.js" path="C:\Users\mcor2\OneDrive\Escritorio\ing-soft-2\proyecto-final\MediSync\src\supabase\client.js">
        <metrics statements="5" coveredstatements="5" conditionals="4" coveredconditionals="4" methods="0" coveredmethods="0"/>
        <line num="4" count="1" type="cond" truecount="2" falsecount="0"/>
        <line num="5" count="1" type="cond" truecount="2" falsecount="0"/>
        <line num="7" count="1" type="stmt"/>
        <line num="8" count="1" type="stmt"/>
        <line num="10" count="1" type="stmt"/>
      </file>
      <file name="nativeQuerys.js" path="C:\Users\mcor2\OneDrive\Escritorio\ing-soft-2\proyecto-final\MediSync\src\supabase\nativeQuerys.js">
        <metrics statements="8" coveredstatements="1" conditionals="2" coveredconditionals="0" methods="1" coveredmethods="0"/>
        <line num="3" count="1" type="stmt"/>
        <line num="4" count="0" type="stmt"/>
        <line num="11" count="0" type="cond" truecount="0" falsecount="2"/>
        <line num="12" count="0" type="stmt"/>
        <line num="13" count="0" type="stmt"/>
        <line num="14" count="0" type="stmt"/>
        <line num="17" count="0" type="stmt"/>
        <line num="19" count="0" type="stmt"/>
      </file>
    </package>
  </project>
</coverage>
