{"C:\\Users\\mcor2\\OneDrive\\Escritorio\\ing-soft-2\\proyecto-final\\MediSync\\src\\components\\LoginForm\\LoginForm.jsx": {"path":"C:\\Users\\mcor2\\OneDrive\\Escritorio\\ing-soft-2\\proyecto-final\\MediSync\\src\\components\\LoginForm\\LoginForm.jsx","statementMap":{"0":{"start":{"line":7,"column":25},"end":{"line":84,"column":1}},"1":{"start":{"line":8,"column":20},"end":{"line":8,"column":29}},"2":{"start":{"line":9,"column":19},"end":{"line":9,"column":32}},"3":{"start":{"line":11,"column":28},"end":{"line":11,"column":40}},"4":{"start":{"line":12,"column":38},"end":{"line":12,"column":50}},"5":{"start":{"line":13,"column":32},"end":{"line":13,"column":44}},"6":{"start":{"line":15,"column":22},"end":{"line":31,"column":3}},"7":{"start":{"line":16,"column":4},"end":{"line":16,"column":23}},"8":{"start":{"line":17,"column":4},"end":{"line":17,"column":19}},"9":{"start":{"line":19,"column":17},"end":{"line":19,"column":56}},"10":{"start":{"line":21,"column":4},"end":{"line":24,"column":5}},"11":{"start":{"line":22,"column":6},"end":{"line":22,"column":55}},"12":{"start":{"line":23,"column":6},"end":{"line":23,"column":13}},"13":{"start":{"line":27,"column":4},"end":{"line":27,"column":16}},"14":{"start":{"line":30,"column":4},"end":{"line":30,"column":25}},"15":{"start":{"line":33,"column":2},"end":{"line":83,"column":4}},"16":{"start":{"line":49,"column":29},"end":{"line":49,"column":53}},"17":{"start":{"line":61,"column":29},"end":{"line":61,"column":58}}},"fnMap":{"0":{"name":"(anonymous_0)","decl":{"start":{"line":7,"column":25},"end":{"line":7,"column":26}},"loc":{"start":{"line":7,"column":46},"end":{"line":84,"column":1}},"line":7},"1":{"name":"(anonymous_1)","decl":{"start":{"line":15,"column":22},"end":{"line":15,"column":23}},"loc":{"start":{"line":15,"column":35},"end":{"line":31,"column":3}},"line":15},"2":{"name":"(anonymous_2)","decl":{"start":{"line":49,"column":22},"end":{"line":49,"column":23}},"loc":{"start":{"line":49,"column":29},"end":{"line":49,"column":53}},"line":49},"3":{"name":"(anonymous_3)","decl":{"start":{"line":61,"column":22},"end":{"line":61,"column":23}},"loc":{"start":{"line":61,"column":29},"end":{"line":61,"column":58}},"line":61}},"branchMap":{"0":{"loc":{"start":{"line":21,"column":4},"end":{"line":24,"column":5}},"type":"if","locations":[{"start":{"line":21,"column":4},"end":{"line":24,"column":5}},{"start":{},"end":{}}],"line":21},"1":{"loc":{"start":{"line":37,"column":7},"end":{"line":41,"column":7}},"type":"binary-expr","locations":[{"start":{"line":37,"column":7},"end":{"line":37,"column":14}},{"start":{"line":38,"column":8},"end":{"line":40,"column":14}}],"line":37}},"s":{"0":1,"1":5,"2":5,"3":5,"4":5,"5":5,"6":5,"7":1,"8":1,"9":1,"10":1,"11":1,"12":1,"13":0,"14":0,"15":5,"16":0,"17":0},"f":{"0":5,"1":1,"2":0,"3":0},"b":{"0":[1,0],"1":[5,0]},"_coverageSchema":"1a1c01bbd47fc00a2c39e90264f33305004495a9","hash":"0244401440bbd6a753b64783bab844beb4c62e37"}
,"C:\\Users\\mcor2\\OneDrive\\Escritorio\\ing-soft-2\\proyecto-final\\MediSync\\src\\context\\UserContext.jsx": {"path":"C:\\Users\\mcor2\\OneDrive\\Escritorio\\ing-soft-2\\proyecto-final\\MediSync\\src\\context\\UserContext.jsx","statementMap":{"0":{"start":{"line":4,"column":20},"end":{"line":4,"column":35}},"1":{"start":{"line":7,"column":28},"end":{"line":25,"column":1}},"2":{"start":{"line":8,"column":26},"end":{"line":8,"column":40}},"3":{"start":{"line":11,"column":16},"end":{"line":13,"column":3}},"4":{"start":{"line":12,"column":4},"end":{"line":12,"column":22}},"5":{"start":{"line":16,"column":17},"end":{"line":18,"column":3}},"6":{"start":{"line":17,"column":4},"end":{"line":17,"column":18}},"7":{"start":{"line":20,"column":2},"end":{"line":24,"column":4}},"8":{"start":{"line":28,"column":23},"end":{"line":28,"column":52}},"9":{"start":{"line":28,"column":29},"end":{"line":28,"column":52}}},"fnMap":{"0":{"name":"(anonymous_0)","decl":{"start":{"line":7,"column":28},"end":{"line":7,"column":29}},"loc":{"start":{"line":7,"column":46},"end":{"line":25,"column":1}},"line":7},"1":{"name":"(anonymous_1)","decl":{"start":{"line":11,"column":16},"end":{"line":11,"column":17}},"loc":{"start":{"line":11,"column":30},"end":{"line":13,"column":3}},"line":11},"2":{"name":"(anonymous_2)","decl":{"start":{"line":16,"column":17},"end":{"line":16,"column":18}},"loc":{"start":{"line":16,"column":23},"end":{"line":18,"column":3}},"line":16},"3":{"name":"(anonymous_3)","decl":{"start":{"line":28,"column":23},"end":{"line":28,"column":24}},"loc":{"start":{"line":28,"column":29},"end":{"line":28,"column":52}},"line":28}},"branchMap":{},"s":{"0":1,"1":1,"2":0,"3":0,"4":0,"5":0,"6":0,"7":0,"8":1,"9":0},"f":{"0":0,"1":0,"2":0,"3":0},"b":{},"_coverageSchema":"1a1c01bbd47fc00a2c39e90264f33305004495a9","hash":"b2145ff60de21af864a8e7af983c16a22dfc6a63"}
,"C:\\Users\\mcor2\\OneDrive\\Escritorio\\ing-soft-2\\proyecto-final\\MediSync\\src\\supabase\\client.js": {"path":"C:\\Users\\mcor2\\OneDrive\\Escritorio\\ing-soft-2\\proyecto-final\\MediSync\\src\\supabase\\client.js","statementMap":{"0":{"start":{"line":4,"column":20},"end":{"line":4,"column":96}},"1":{"start":{"line":5,"column":20},"end":{"line":5,"column":77}},"2":{"start":{"line":7,"column":0},"end":{"line":7,"column":42}},"3":{"start":{"line":8,"column":0},"end":{"line":8,"column":42}},"4":{"start":{"line":10,"column":24},"end":{"line":10,"column":62}}},"fnMap":{},"branchMap":{"0":{"loc":{"start":{"line":4,"column":20},"end":{"line":4,"column":96}},"type":"binary-expr","locations":[{"start":{"line":4,"column":20},"end":{"line":4,"column":53}},{"start":{"line":4,"column":57},"end":{"line":4,"column":96}}],"line":4},"1":{"loc":{"start":{"line":5,"column":20},"end":{"line":5,"column":77}},"type":"binary-expr","locations":[{"start":{"line":5,"column":20},"end":{"line":5,"column":58}},{"start":{"line":5,"column":62},"end":{"line":5,"column":77}}],"line":5}},"s":{"0":1,"1":1,"2":1,"3":1,"4":1},"f":{},"b":{"0":[1,1],"1":[1,1]},"_coverageSchema":"1a1c01bbd47fc00a2c39e90264f33305004495a9","hash":"a791eda691ee14a7c85f57a365cae696377f1f38"}
,"C:\\Users\\mcor2\\OneDrive\\Escritorio\\ing-soft-2\\proyecto-final\\MediSync\\src\\supabase\\nativeQuerys.js": {"path":"C:\\Users\\mcor2\\OneDrive\\Escritorio\\ing-soft-2\\proyecto-final\\MediSync\\src\\supabase\\nativeQuerys.js","statementMap":{"0":{"start":{"line":3,"column":30},"end":{"line":20,"column":1}},"1":{"start":{"line":4,"column":26},"end":{"line":9,"column":13}},"2":{"start":{"line":11,"column":2},"end":{"line":15,"column":3}},"3":{"start":{"line":12,"column":4},"end":{"line":12,"column":52}},"4":{"start":{"line":13,"column":4},"end":{"line":13,"column":54}},"5":{"start":{"line":14,"column":4},"end":{"line":14,"column":16}},"6":{"start":{"line":17,"column":2},"end":{"line":17,"column":41}},"7":{"start":{"line":19,"column":2},"end":{"line":19,"column":13}}},"fnMap":{"0":{"name":"(anonymous_0)","decl":{"start":{"line":3,"column":30},"end":{"line":3,"column":31}},"loc":{"start":{"line":3,"column":59},"end":{"line":20,"column":1}},"line":3}},"branchMap":{"0":{"loc":{"start":{"line":11,"column":2},"end":{"line":15,"column":3}},"type":"if","locations":[{"start":{"line":11,"column":2},"end":{"line":15,"column":3}},{"start":{},"end":{}}],"line":11}},"s":{"0":1,"1":0,"2":0,"3":0,"4":0,"5":0,"6":0,"7":0},"f":{"0":0},"b":{"0":[0,0]},"_coverageSchema":"1a1c01bbd47fc00a2c39e90264f33305004495a9","hash":"a9dc60cdab2867f350d434ba47caee1b82882094"}
}
