{"C:\\Users\\Juan\\Desktop\\UAO\\6to Semestre\\Ing de software 2\\MediSync\\src\\components\\LoginForm\\LoginForm.jsx": {"path":"C:\\Users\\Juan\\Desktop\\UAO\\6to Semestre\\Ing de software 2\\MediSync\\src\\components\\LoginForm\\LoginForm.jsx","statementMap":{"0":{"start":{"line":6,"column":25},"end":{"line":83,"column":1}},"1":{"start":{"line":7,"column":20},"end":{"line":7,"column":29}},"2":{"start":{"line":8,"column":19},"end":{"line":8,"column":32}},"3":{"start":{"line":10,"column":28},"end":{"line":10,"column":40}},"4":{"start":{"line":11,"column":38},"end":{"line":11,"column":50}},"5":{"start":{"line":12,"column":32},"end":{"line":12,"column":44}},"6":{"start":{"line":14,"column":22},"end":{"line":27,"column":3}},"7":{"start":{"line":15,"column":4},"end":{"line":15,"column":23}},"8":{"start":{"line":16,"column":4},"end":{"line":16,"column":19}},"9":{"start":{"line":18,"column":17},"end":{"line":18,"column":56}},"10":{"start":{"line":20,"column":4},"end":{"line":23,"column":5}},"11":{"start":{"line":21,"column":6},"end":{"line":21,"column":55}},"12":{"start":{"line":22,"column":6},"end":{"line":22,"column":13}},"13":{"start":{"line":25,"column":4},"end":{"line":25,"column":16}},"14":{"start":{"line":26,"column":4},"end":{"line":26,"column":25}},"15":{"start":{"line":29,"column":2},"end":{"line":82,"column":4}},"16":{"start":{"line":46,"column":29},"end":{"line":46,"column":53}},"17":{"start":{"line":59,"column":29},"end":{"line":59,"column":58}}},"fnMap":{"0":{"name":"(anonymous_0)","decl":{"start":{"line":6,"column":25},"end":{"line":6,"column":26}},"loc":{"start":{"line":6,"column":46},"end":{"line":83,"column":1}},"line":6},"1":{"name":"(anonymous_1)","decl":{"start":{"line":14,"column":22},"end":{"line":14,"column":23}},"loc":{"start":{"line":14,"column":35},"end":{"line":27,"column":3}},"line":14},"2":{"name":"(anonymous_2)","decl":{"start":{"line":46,"column":22},"end":{"line":46,"column":23}},"loc":{"start":{"line":46,"column":29},"end":{"line":46,"column":53}},"line":46},"3":{"name":"(anonymous_3)","decl":{"start":{"line":59,"column":22},"end":{"line":59,"column":23}},"loc":{"start":{"line":59,"column":29},"end":{"line":59,"column":58}},"line":59}},"branchMap":{"0":{"loc":{"start":{"line":20,"column":4},"end":{"line":23,"column":5}},"type":"if","locations":[{"start":{"line":20,"column":4},"end":{"line":23,"column":5}},{"start":{},"end":{}}],"line":20},"1":{"loc":{"start":{"line":33,"column":7},"end":{"line":37,"column":7}},"type":"binary-expr","locations":[{"start":{"line":33,"column":7},"end":{"line":33,"column":14}},{"start":{"line":34,"column":8},"end":{"line":36,"column":14}}],"line":33},"2":{"loc":{"start":{"line":69,"column":20},"end":{"line":69,"column":41}},"type":"binary-expr","locations":[{"start":{"line":69,"column":20},"end":{"line":69,"column":26}},{"start":{"line":69,"column":30},"end":{"line":69,"column":41}}],"line":69}},"s":{"0":1,"1":12,"2":12,"3":12,"4":12,"5":12,"6":12,"7":2,"8":2,"9":2,"10":2,"11":1,"12":1,"13":1,"14":1,"15":12,"16":2,"17":2},"f":{"0":12,"1":2,"2":2,"3":2},"b":{"0":[1,1],"1":[12,1],"2":[12,7]},"_coverageSchema":"1a1c01bbd47fc00a2c39e90264f33305004495a9","hash":"fdcdec47b70abb91f343664f9635f8b02c2d6bf8"}
,"C:\\Users\\Juan\\Desktop\\UAO\\6to Semestre\\Ing de software 2\\MediSync\\src\\context\\UserContext.jsx": {"path":"C:\\Users\\Juan\\Desktop\\UAO\\6to Semestre\\Ing de software 2\\MediSync\\src\\context\\UserContext.jsx","statementMap":{"0":{"start":{"line":4,"column":20},"end":{"line":4,"column":35}},"1":{"start":{"line":7,"column":28},"end":{"line":25,"column":1}},"2":{"start":{"line":8,"column":26},"end":{"line":8,"column":40}},"3":{"start":{"line":11,"column":16},"end":{"line":13,"column":3}},"4":{"start":{"line":12,"column":4},"end":{"line":12,"column":22}},"5":{"start":{"line":16,"column":17},"end":{"line":18,"column":3}},"6":{"start":{"line":17,"column":4},"end":{"line":17,"column":18}},"7":{"start":{"line":20,"column":2},"end":{"line":24,"column":4}},"8":{"start":{"line":28,"column":23},"end":{"line":28,"column":52}},"9":{"start":{"line":28,"column":29},"end":{"line":28,"column":52}}},"fnMap":{"0":{"name":"(anonymous_0)","decl":{"start":{"line":7,"column":28},"end":{"line":7,"column":29}},"loc":{"start":{"line":7,"column":46},"end":{"line":25,"column":1}},"line":7},"1":{"name":"(anonymous_1)","decl":{"start":{"line":11,"column":16},"end":{"line":11,"column":17}},"loc":{"start":{"line":11,"column":30},"end":{"line":13,"column":3}},"line":11},"2":{"name":"(anonymous_2)","decl":{"start":{"line":16,"column":17},"end":{"line":16,"column":18}},"loc":{"start":{"line":16,"column":23},"end":{"line":18,"column":3}},"line":16},"3":{"name":"(anonymous_3)","decl":{"start":{"line":28,"column":23},"end":{"line":28,"column":24}},"loc":{"start":{"line":28,"column":29},"end":{"line":28,"column":52}},"line":28}},"branchMap":{},"s":{"0":1,"1":1,"2":0,"3":0,"4":0,"5":0,"6":0,"7":0,"8":1,"9":0},"f":{"0":0,"1":0,"2":0,"3":0},"b":{},"_coverageSchema":"1a1c01bbd47fc00a2c39e90264f33305004495a9","hash":"e2ef50eef780f8e542f3571cdfe8294ca1f2725f"}
,"C:\\Users\\Juan\\Desktop\\UAO\\6to Semestre\\Ing de software 2\\MediSync\\src\\supabase\\client.js": {"path":"C:\\Users\\Juan\\Desktop\\UAO\\6to Semestre\\Ing de software 2\\MediSync\\src\\supabase\\client.js","statementMap":{"0":{"start":{"line":3,"column":20},"end":{"line":3,"column":96}},"1":{"start":{"line":4,"column":20},"end":{"line":4,"column":77}},"2":{"start":{"line":6,"column":0},"end":{"line":6,"column":42}},"3":{"start":{"line":7,"column":0},"end":{"line":7,"column":42}},"4":{"start":{"line":9,"column":24},"end":{"line":9,"column":62}}},"fnMap":{},"branchMap":{"0":{"loc":{"start":{"line":3,"column":20},"end":{"line":3,"column":96}},"type":"binary-expr","locations":[{"start":{"line":3,"column":20},"end":{"line":3,"column":53}},{"start":{"line":3,"column":57},"end":{"line":3,"column":96}}],"line":3},"1":{"loc":{"start":{"line":4,"column":20},"end":{"line":4,"column":77}},"type":"binary-expr","locations":[{"start":{"line":4,"column":20},"end":{"line":4,"column":58}},{"start":{"line":4,"column":62},"end":{"line":4,"column":77}}],"line":4}},"s":{"0":1,"1":1,"2":1,"3":1,"4":1},"f":{},"b":{"0":[1,1],"1":[1,1]},"_coverageSchema":"1a1c01bbd47fc00a2c39e90264f33305004495a9","hash":"c57395596115f33cf8f0933fa966369a06126b35"}
,"C:\\Users\\Juan\\Desktop\\UAO\\6to Semestre\\Ing de software 2\\MediSync\\src\\supabase\\nativeQuerys.js": {"path":"C:\\Users\\Juan\\Desktop\\UAO\\6to Semestre\\Ing de software 2\\MediSync\\src\\supabase\\nativeQuerys.js","statementMap":{"0":{"start":{"line":3,"column":30},"end":{"line":21,"column":1}},"1":{"start":{"line":5,"column":26},"end":{"line":10,"column":13}},"2":{"start":{"line":12,"column":2},"end":{"line":16,"column":3}},"3":{"start":{"line":13,"column":4},"end":{"line":13,"column":52}},"4":{"start":{"line":14,"column":4},"end":{"line":14,"column":54}},"5":{"start":{"line":15,"column":4},"end":{"line":15,"column":16}},"6":{"start":{"line":18,"column":2},"end":{"line":18,"column":41}},"7":{"start":{"line":20,"column":2},"end":{"line":20,"column":13}}},"fnMap":{"0":{"name":"(anonymous_0)","decl":{"start":{"line":3,"column":30},"end":{"line":3,"column":31}},"loc":{"start":{"line":3,"column":59},"end":{"line":21,"column":1}},"line":3}},"branchMap":{"0":{"loc":{"start":{"line":12,"column":2},"end":{"line":16,"column":3}},"type":"if","locations":[{"start":{"line":12,"column":2},"end":{"line":16,"column":3}},{"start":{},"end":{}}],"line":12}},"s":{"0":2,"1":3,"2":3,"3":2,"4":2,"5":2,"6":1,"7":1},"f":{"0":3},"b":{"0":[2,1]},"_coverageSchema":"1a1c01bbd47fc00a2c39e90264f33305004495a9","hash":"aaa8cfe62722e71ea56b8cf4fb11557e6e8612e1"}
}
