TN:
SF:src\components\LoginForm\LoginForm.jsx
FN:6,(anonymous_0)
FN:14,(anonymous_1)
FN:46,(anonymous_2)
FN:59,(anonymous_3)
FNF:4
FNH:4
FNDA:12,(anonymous_0)
FNDA:2,(anonymous_1)
FNDA:2,(anonymous_2)
FNDA:2,(anonymous_3)
DA:6,1
DA:7,12
DA:8,12
DA:10,12
DA:11,12
DA:12,12
DA:14,12
DA:15,2
DA:16,2
DA:18,2
DA:20,2
DA:21,1
DA:22,1
DA:25,1
DA:26,1
DA:29,12
DA:46,2
DA:59,2
LF:18
LH:18
BRDA:20,0,0,1
BRDA:20,0,1,1
BRDA:33,1,0,12
BRDA:33,1,1,1
BRDA:69,2,0,12
BRDA:69,2,1,7
BRF:6
BRH:6
end_of_record
TN:
SF:src\components\RegistroForm\RegistroForm.jsx
FN:6,(anonymous_0)
FN:37,(anonymous_1)
FN:68,(anonymous_2)
FN:87,(anonymous_3)
FN:89,(anonymous_4)
FN:92,(anonymous_5)
FN:207,(anonymous_6)
FN:227,(anonymous_7)
FNF:8
FNH:8
FNDA:64,(anonymous_0)
FNDA:41,(anonymous_1)
FNDA:3,(anonymous_2)
FNDA:14,(anonymous_3)
FNDA:13,(anonymous_4)
FNDA:1,(anonymous_5)
FNDA:100,(anonymous_6)
FNDA:256,(anonymous_7)
DA:6,1
DA:8,64
DA:23,64
DA:26,64
DA:29,64
DA:30,64
DA:37,64
DA:38,41
DA:41,41
DA:44,13
DA:47,12
DA:48,7
DA:50,5
DA:53,12
DA:57,12
DA:60,28
DA:64,28
DA:68,64
DA:69,3
DA:70,3
DA:72,3
DA:73,1
DA:76,2
DA:78,2
DA:79,1
DA:81,1
DA:82,1
DA:87,64
DA:88,14
DA:90,13
DA:93,1
DA:97,64
DA:208,100
DA:228,256
LF:34
LH:34
BRDA:41,0,0,13
BRDA:41,0,1,28
BRDA:44,1,0,1
BRDA:44,1,1,12
BRDA:47,2,0,7
BRDA:47,2,1,5
BRDA:48,3,0,6
BRDA:48,3,1,1
BRDA:50,4,0,1
BRDA:50,4,1,4
BRDA:72,5,0,1
BRDA:72,5,1,2
BRDA:78,6,0,1
BRDA:78,6,1,1
BRDA:103,7,0,64
BRDA:103,7,1,2
BRDA:148,8,0,64
BRDA:148,8,1,15
BRF:18
BRH:18
end_of_record
TN:
SF:src\context\UserContext.jsx
FN:7,(anonymous_0)
FN:11,(anonymous_1)
FN:16,(anonymous_2)
FN:28,(anonymous_3)
FNF:4
FNH:4
FNDA:6,(anonymous_0)
FNDA:2,(anonymous_1)
FNDA:1,(anonymous_2)
FNDA:6,(anonymous_3)
DA:4,2
DA:7,2
DA:8,6
DA:11,6
DA:12,2
DA:16,6
DA:17,1
DA:20,6
DA:28,6
LF:9
LH:9
BRF:0
BRH:0
end_of_record
TN:
SF:src\pages\AuthPage\AuthPage.jsx
FN:6,(anonymous_0)
FN:9,(anonymous_1)
FNF:2
FNH:2
FNDA:6,(anonymous_0)
FNDA:3,(anonymous_1)
DA:6,1
DA:7,6
DA:9,6
DA:10,3
DA:13,6
LF:5
LH:5
BRDA:10,0,0,2
BRDA:10,0,1,1
BRDA:15,1,0,4
BRDA:15,1,1,2
BRF:4
BRH:4
end_of_record
TN:
SF:src\pages\HomePage\HomePage.jsx
FN:4,(anonymous_0)
FN:7,(anonymous_1)
FNF:2
FNH:2
FNDA:3,(anonymous_0)
FNDA:1,(anonymous_1)
DA:4,1
DA:5,3
DA:7,3
DA:8,1
DA:11,3
LF:5
LH:5
BRF:0
BRH:0
end_of_record
TN:
SF:src\pages\ProfilePage\ProfilePage.jsx
FN:9,(anonymous_0)
FN:19,(anonymous_1)
FN:27,(anonymous_2)
FN:28,(anonymous_3)
FNF:4
FNH:4
FNDA:10,(anonymous_0)
FNDA:2,(anonymous_1)
FNDA:5,(anonymous_2)
FNDA:5,(anonymous_3)
DA:9,1
DA:11,10
DA:14,10
DA:15,10
DA:16,10
DA:19,10
DA:20,2
DA:21,1
DA:22,1
DA:27,10
DA:28,5
DA:29,5
DA:32,5
DA:33,1
DA:34,4
DA:35,4
DA:38,5
DA:39,5
DA:42,5
DA:45,10
DA:46,5
DA:58,5
DA:59,1
DA:73,4
LF:24
LH:24
BRDA:20,0,0,1
BRDA:20,0,1,1
BRDA:32,1,0,1
BRDA:32,1,1,4
BRDA:34,2,0,4
BRDA:34,2,1,0
BRDA:45,3,0,5
BRDA:45,3,1,5
BRDA:58,4,0,1
BRDA:58,4,1,4
BRDA:79,5,0,3
BRDA:79,5,1,1
BRDA:81,6,0,1
BRDA:81,6,1,0
BRDA:111,7,0,4
BRDA:111,7,1,0
BRDA:114,8,0,3
BRDA:114,8,1,1
BRDA:116,9,0,1
BRDA:116,9,1,0
BRDA:125,10,0,4
BRDA:125,10,1,1
BRDA:184,11,0,4
BRDA:184,11,1,3
BRDA:250,12,0,4
BRDA:250,12,1,0
BRF:26
BRH:21
end_of_record
TN:
SF:src\supabase\client.js
FNF:0
FNH:0
DA:3,6
DA:4,6
DA:6,6
LF:3
LH:3
BRDA:3,0,0,6
BRDA:3,0,1,6
BRDA:4,1,0,6
BRDA:4,1,1,6
BRF:4
BRH:4
end_of_record
TN:
SF:src\supabase\nativeQuerys.js
FN:3,(anonymous_0)
FNF:1
FNH:1
FNDA:3,(anonymous_0)
DA:3,2
DA:5,3
DA:12,3
DA:13,2
DA:14,2
DA:17,1
LF:6
LH:6
BRDA:12,0,0,2
BRDA:12,0,1,1
BRF:2
BRH:2
end_of_record
TN:
SF:src\supabase\crudFunctions\cuidadTable.js
FN:4,(anonymous_0)
FN:16,(anonymous_1)
FN:33,(anonymous_2)
FN:48,(anonymous_3)
FN:63,(anonymous_4)
FNF:5
FNH:5
FNDA:2,(anonymous_0)
FNDA:2,(anonymous_1)
FNDA:2,(anonymous_2)
FNDA:2,(anonymous_3)
FNDA:2,(anonymous_4)
DA:4,2
DA:5,2
DA:6,2
DA:7,2
DA:8,1
DA:10,1
DA:11,1
DA:16,2
DA:17,2
DA:18,2
DA:24,2
DA:25,1
DA:27,1
DA:28,1
DA:33,2
DA:34,2
DA:35,2
DA:39,2
DA:40,1
DA:42,1
DA:43,1
DA:48,2
DA:49,2
DA:50,2
DA:54,2
DA:55,1
DA:57,1
DA:58,1
DA:63,2
DA:64,2
DA:65,2
DA:69,2
DA:70,1
DA:72,1
DA:73,1
LF:35
LH:35
BRDA:7,0,0,1
BRDA:7,0,1,1
BRDA:24,1,0,1
BRDA:24,1,1,1
BRDA:39,2,0,1
BRDA:39,2,1,1
BRDA:54,3,0,1
BRDA:54,3,1,1
BRDA:69,4,0,1
BRDA:69,4,1,1
BRF:10
BRH:10
end_of_record
TN:
SF:src\supabase\crudFunctions\medicoTable.js
FN:4,(anonymous_0)
FN:16,(anonymous_1)
FN:33,(anonymous_2)
FN:48,(anonymous_3)
FN:63,(anonymous_4)
FNF:5
FNH:5
FNDA:2,(anonymous_0)
FNDA:2,(anonymous_1)
FNDA:2,(anonymous_2)
FNDA:2,(anonymous_3)
FNDA:2,(anonymous_4)
DA:4,1
DA:5,2
DA:6,2
DA:7,2
DA:8,1
DA:10,1
DA:11,1
DA:16,1
DA:17,2
DA:18,2
DA:24,2
DA:25,1
DA:27,1
DA:28,1
DA:33,1
DA:34,2
DA:35,2
DA:39,2
DA:40,1
DA:42,1
DA:43,1
DA:48,1
DA:49,2
DA:50,2
DA:54,2
DA:55,1
DA:57,1
DA:58,1
DA:63,1
DA:64,2
DA:65,2
DA:69,2
DA:70,1
DA:72,1
DA:73,1
LF:35
LH:35
BRDA:7,0,0,1
BRDA:7,0,1,1
BRDA:24,1,0,1
BRDA:24,1,1,1
BRDA:39,2,0,1
BRDA:39,2,1,1
BRDA:54,3,0,1
BRDA:54,3,1,1
BRDA:69,4,0,1
BRDA:69,4,1,1
BRF:10
BRH:10
end_of_record
TN:
SF:src\supabase\crudFunctions\pacienteTable.js
FN:4,(anonymous_0)
FN:16,(anonymous_1)
FN:33,(anonymous_2)
FN:48,(anonymous_3)
FN:63,(anonymous_4)
FNF:5
FNH:5
FNDA:2,(anonymous_0)
FNDA:2,(anonymous_1)
FNDA:2,(anonymous_2)
FNDA:2,(anonymous_3)
FNDA:2,(anonymous_4)
DA:4,2
DA:5,2
DA:6,2
DA:7,2
DA:8,1
DA:10,1
DA:11,1
DA:16,2
DA:17,2
DA:18,2
DA:24,2
DA:25,1
DA:27,1
DA:28,1
DA:33,2
DA:34,2
DA:35,2
DA:39,2
DA:40,1
DA:42,1
DA:43,1
DA:48,2
DA:49,2
DA:50,2
DA:54,2
DA:55,1
DA:57,1
DA:58,1
DA:63,2
DA:64,2
DA:65,2
DA:69,2
DA:70,1
DA:72,1
DA:73,1
LF:35
LH:35
BRDA:7,0,0,1
BRDA:7,0,1,1
BRDA:24,1,0,1
BRDA:24,1,1,1
BRDA:39,2,0,1
BRDA:39,2,1,1
BRDA:54,3,0,1
BRDA:54,3,1,1
BRDA:69,4,0,1
BRDA:69,4,1,1
BRF:10
BRH:10
end_of_record
