TN:
SF:src\components\LoginForm\LoginForm.jsx
FN:6,(anonymous_0)
FN:14,(anonymous_1)
FN:46,(anonymous_2)
FN:59,(anonymous_3)
FNF:4
FNH:4
FNDA:12,(anonymous_0)
FNDA:2,(anonymous_1)
FNDA:2,(anonymous_2)
FNDA:2,(anonymous_3)
DA:6,1
DA:7,12
DA:8,12
DA:10,12
DA:11,12
DA:12,12
DA:14,12
DA:15,2
DA:16,2
DA:18,2
DA:20,2
DA:21,1
DA:22,1
DA:25,1
DA:26,1
DA:29,12
DA:46,2
DA:59,2
LF:18
LH:18
BRDA:20,0,0,1
BRDA:20,0,1,1
BRDA:33,1,0,12
BRDA:33,1,1,1
BRDA:69,2,0,12
BRDA:69,2,1,7
BRF:6
BRH:6
end_of_record
TN:
SF:src\context\UserContext.jsx
FN:7,(anonymous_0)
FN:11,(anonymous_1)
FN:16,(anonymous_2)
FN:28,(anonymous_3)
FNF:4
FNH:0
FNDA:0,(anonymous_0)
FNDA:0,(anonymous_1)
FNDA:0,(anonymous_2)
FNDA:0,(anonymous_3)
DA:4,1
DA:7,1
DA:8,0
DA:11,0
DA:12,0
DA:16,0
DA:17,0
DA:20,0
DA:28,1
LF:9
LH:3
BRF:0
BRH:0
end_of_record
TN:
SF:src\supabase\client.js
FNF:0
FNH:0
DA:4,1
DA:5,1
DA:7,1
DA:8,1
DA:10,1
LF:5
LH:5
BRDA:4,0,0,1
BRDA:4,0,1,1
BRDA:5,1,0,1
BRDA:5,1,1,1
BRF:4
BRH:4
end_of_record
TN:
SF:src\supabase\nativeQuerys.js
FN:3,(anonymous_0)
FNF:1
FNH:0
FNDA:0,(anonymous_0)
DA:3,1
DA:4,0
DA:11,0
DA:12,0
DA:13,0
DA:14,0
DA:17,0
DA:19,0
LF:8
LH:1
BRDA:11,0,0,0
BRDA:11,0,1,0
BRF:2
BRH:0
end_of_record
